<?xml version="1.0" encoding="UTF-8"?>
<beans xmlns="http://www.springframework.org/schema/beans"
	xmlns:xsi="http://www.w3.org/2001/XMLSchema-instance" 
	xmlns:int="http://www.springframework.org/schema/integration"
	xmlns:int-ip="http://www.springframework.org/schema/integration/ip"
	xmlns:context="http://www.springframework.org/schema/context"
	xmlns:util="http://www.springframework.org/schema/util"
	xsi:schemaLocation="http://www.springframework.org/schema/beans http://www.springframework.org/schema/beans/spring-beans.xsd
		http://www.springframework.org/schema/context http://www.springframework.org/schema/context/spring-context.xsd
		http://www.springframework.org/schema/integration http://www.springframework.org/schema/integration/spring-integration.xsd
		http://www.springframework.org/schema/util http://www.springframework.org/schema/util/spring-util-3.1.xsd
		http://www.springframework.org/schema/integration/ip http://www.springframework.org/schema/integration/ip/spring-integration-ip.xsd">

	<import resource="context.xml"/>
	
	<!-- Client side for testing -->
	
	<int:gateway id="gateway" service-interface="com.example.telnet.client.ClientGateway"
		default-request-channel="input"/>

	<int-ip:tcp-connection-factory id="client" type="client"
		host="localhost" port="${server.port}"/>

	<int:channel id="input" />

	<int-ip:tcp-outbound-gateway id="outGateway" request-channel="input"
		reply-channel="clientBytes2StringChannel"
		connection-factory="client"/>

	<int:transformer id="clientBytes2String"
		input-channel="clientBytes2StringChannel"
		expression="new String(payload)"/>
		
</beans>